<?xml version="1.0" encoding="UTF-8"?>
<!-- Generated by org.testng.reporters.JUnitXMLReporter -->
<testsuite ignored="0" hostname="DESKTOP-6D9SDR4" failures="0" tests="3" name="Default test" time="18.488" errors="0" timestamp="2023-10-24T12:58:57 EET">
  <testcase classname="swag_lab.My_test" name="LoginWithPerformanceUser" time="9.054"/>
  <testcase classname="swag_lab.My_test" name="LoginWithProblemUser" time="3.616"/>
  <testcase classname="swag_lab.My_test" name="LoginWithStandardUSer" time="3.808"/>
</testsuite> <!-- Default test -->
