<?xml version="1.0" encoding="UTF-8"?>
<testng-results ignored="0" total="3" passed="3" failed="0" skipped="0">
  <reporter-output>
  </reporter-output>
  <suite started-at="2023-10-24T12:58:39 EET" name="Default suite" finished-at="2023-10-24T12:58:57 EET" duration-ms="18488">
    <groups>
    </groups>
    <test started-at="2023-10-24T12:58:39 EET" name="Default test" finished-at="2023-10-24T12:58:57 EET" duration-ms="18488">
      <class name="swag_lab.My_test">
        <test-method is-config="true" signature="mySetup()[pri:0, instance:swag_lab.My_test@4bff1903]" started-at="2023-10-24T12:58:39 EET" name="mySetup" finished-at="2023-10-24T12:58:40 EET" duration-ms="1584" status="PASS">
          <reporter-output>
          </reporter-output>
        </test-method> <!-- mySetup -->
        <test-method signature="LoginWithPerformanceUser()[pri:0, instance:swag_lab.My_test@4bff1903]" started-at="2023-10-24T12:58:40 EET" name="LoginWithPerformanceUser" finished-at="2023-10-24T12:58:50 EET" duration-ms="9054" status="PASS">
          <reporter-output>
          </reporter-output>
        </test-method> <!-- LoginWithPerformanceUser -->
        <test-method is-config="true" signature="myPostTesting()[pri:0, instance:swag_lab.My_test@4bff1903]" started-at="2023-10-24T12:58:50 EET" name="myPostTesting" finished-at="2023-10-24T12:58:50 EET" duration-ms="0" status="PASS">
          <reporter-output>
          </reporter-output>
        </test-method> <!-- myPostTesting -->
        <test-method is-config="true" signature="mySetup()[pri:0, instance:swag_lab.My_test@4bff1903]" started-at="2023-10-24T12:58:50 EET" name="mySetup" finished-at="2023-10-24T12:58:50 EET" duration-ms="161" status="PASS">
          <reporter-output>
          </reporter-output>
        </test-method> <!-- mySetup -->
        <test-method signature="LoginWithProblemUser()[pri:0, instance:swag_lab.My_test@4bff1903]" started-at="2023-10-24T12:58:50 EET" name="LoginWithProblemUser" finished-at="2023-10-24T12:58:53 EET" duration-ms="3616" status="PASS">
          <reporter-output>
          </reporter-output>
        </test-method> <!-- LoginWithProblemUser -->
        <test-method is-config="true" signature="myPostTesting()[pri:0, instance:swag_lab.My_test@4bff1903]" started-at="2023-10-24T12:58:53 EET" name="myPostTesting" finished-at="2023-10-24T12:58:53 EET" duration-ms="1" status="PASS">
          <reporter-output>
          </reporter-output>
        </test-method> <!-- myPostTesting -->
        <test-method is-config="true" signature="mySetup()[pri:0, instance:swag_lab.My_test@4bff1903]" started-at="2023-10-24T12:58:53 EET" name="mySetup" finished-at="2023-10-24T12:58:53 EET" duration-ms="158" status="PASS">
          <reporter-output>
          </reporter-output>
        </test-method> <!-- mySetup -->
        <test-method signature="LoginWithStandardUSer()[pri:0, instance:swag_lab.My_test@4bff1903]" started-at="2023-10-24T12:58:53 EET" name="LoginWithStandardUSer" finished-at="2023-10-24T12:58:57 EET" duration-ms="3808" status="PASS">
          <reporter-output>
          </reporter-output>
        </test-method> <!-- LoginWithStandardUSer -->
        <test-method is-config="true" signature="myPostTesting()[pri:0, instance:swag_lab.My_test@4bff1903]" started-at="2023-10-24T12:58:57 EET" name="myPostTesting" finished-at="2023-10-24T12:58:57 EET" duration-ms="1" status="PASS">
          <reporter-output>
          </reporter-output>
        </test-method> <!-- myPostTesting -->
      </class> <!-- swag_lab.My_test -->
    </test> <!-- Default test -->
  </suite> <!-- Default suite -->
</testng-results>
